[debug] [2025-06-05T05:21:10.570Z] ----------------------------------------------------------------------
[debug] [2025-06-05T05:21:10.571Z] Command:       /usr/local/bin/node /usr/local/bin/firebase init
[debug] [2025-06-05T05:21:10.572Z] CLI Version:   14.5.1
[debug] [2025-06-05T05:21:10.572Z] Platform:      darwin
[debug] [2025-06-05T05:21:10.572Z] Node Version:  v22.14.0
[debug] [2025-06-05T05:21:10.572Z] Time:          Thu Jun 05 2025 13:21:10 GMT+0800 (Philippine Standard Time)
[debug] [2025-06-05T05:21:10.572Z] ----------------------------------------------------------------------
[debug] 
[debug] [2025-06-05T05:21:10.573Z] >>> [apiv2][query] GET https://firebase-public.firebaseio.com/cli.json [none]
[debug] [2025-06-05T05:21:10.601Z] > command requires scopes: ["email","openid","https://www.googleapis.com/auth/cloudplatformprojects.readonly","https://www.googleapis.com/auth/firebase","https://www.googleapis.com/auth/cloud-platform"]
[debug] [2025-06-05T05:21:10.602Z] > authorizing via signed-in user (reuel.rivera@cmrpautomation.com)
[info] 
     ######## #### ########  ######## ########     ###     ######  ########
     ##        ##  ##     ## ##       ##     ##  ##   ##  ##       ##
     ######    ##  ########  ######   ########  #########  ######  ######
     ##        ##  ##    ##  ##       ##     ## ##     ##       ## ##
     ##       #### ##     ## ######## ########  ##     ##  ######  ########

You're about to initialize a Firebase project in this directory:

  /Users/reuelrivera/Documents/CMRP Opps Management

[debug] [2025-06-05T05:21:11.028Z] <<< [apiv2][status] GET https://firebase-public.firebaseio.com/cli.json 200
[debug] [2025-06-05T05:21:11.028Z] <<< [apiv2][body] GET https://firebase-public.firebaseio.com/cli.json {"cloudBuildErrorAfter":1594252800000,"cloudBuildWarnAfter":1590019200000,"defaultNode10After":1594252800000,"minVersion":"3.0.5","node8DeploysDisabledAfter":1613390400000,"node8RuntimeDisabledAfter":1615809600000,"node8WarnAfter":1600128000000}
[debug] [2025-06-05T05:32:01.030Z] ExitPromptError: User force closed the prompt with SIGINT
    at Interface.sigint (/usr/local/lib/node_modules/firebase-tools/node_modules/@inquirer/core/dist/commonjs/lib/create-prompt.js:101:37)
    at Interface.emit (node:events:518:28)
    at Interface.emit (node:domain:489:12)
    at [_ttyWrite] [as _ttyWrite] (node:internal/readline/interface:1124:18)
    at ReadStream.onkeypress (node:internal/readline/interface:263:20)
    at ReadStream.emit (node:events:530:35)
    at ReadStream.emit (node:domain:489:12)
    at emitKeys (node:internal/readline/utils:370:14)
    at emitKeys.next (<anonymous>)
    at ReadStream.onData (node:internal/readline/emitKeypressEvents:64:36)
[error] 
[error] Error: An unexpected error has occurred.
